# JRE version: OpenJDK Runtime Environment (17.0.14+7) (build 17.0.14+7-Ubuntu-122.04.1)
# Java VM: OpenJDK 64-Bit Server VM (17.0.14+7-Ubuntu-122.04.1, mixed mode, sharing, tiered, compressed oops, compressed class ptrs, g1 gc, linux-amd64)
Heap:
 garbage-first heap   total 290816K, used 154582K [0x000000070a600000, 0x0000000800000000)
  region size 2048K, 35 young (71680K), 10 survivors (20480K)
 Metaspace       used 10977K, committed 11136K, reserved 1114112K
  class space    used 1004K, committed 1088K, reserved 1048576K
GC Heap History (6 events):
Event: 17.082 GC heap before
{Heap before GC invocations=0 (full 0):
 garbage-first heap   total 256000K, used 57264K [0x000000070a600000, 0x0000000800000000)
  region size 2048K, 11 young (22528K), 0 survivors (0K)
 Metaspace       used 10009K, committed 10176K, reserved 1114112K
  class space    used 980K, committed 1088K, reserved 1048576K
}
Event: 17.085 GC heap after
{Heap after GC invocations=1 (full 0):
 garbage-first heap   total 256000K, used 16904K [0x000000070a600000, 0x0000000800000000)
  region size 2048K, 2 young (4096K), 2 survivors (4096K)
 Metaspace       used 10009K, committed 10176K, reserved 1114112K
  class space    used 980K, committed 1088K, reserved 1048576K
}
Event: 89.604 GC heap before
{Heap before GC invocations=1 (full 0):
 garbage-first heap   total 256000K, used 88584K [0x000000070a600000, 0x0000000800000000)
  region size 2048K, 22 young (45056K), 2 survivors (4096K)
 Metaspace       used 10702K, committed 10880K, reserved 1114112K
  class space    used 1004K, committed 1088K, reserved 1048576K
}
Event: 89.606 GC heap after
{Heap after GC invocations=2 (full 0):
 garbage-first heap   total 256000K, used 35660K [0x000000070a600000, 0x0000000800000000)
  region size 2048K, 3 young (6144K), 3 survivors (6144K)
 Metaspace       used 10702K, committed 10880K, reserved 1114112K
  class space    used 1004K, committed 1088K, reserved 1048576K
}
Event: 326.571 GC heap before
{Heap before GC invocations=2 (full 0):
 garbage-first heap   total 256000K, used 226124K [0x000000070a600000, 0x0000000800000000)
  region size 2048K, 73 young (149504K), 3 survivors (6144K)
 Metaspace       used 10931K, committed 11072K, reserved 1114112K
  class space    used 1004K, committed 1088K, reserved 1048576K
}
Event: 326.581 GC heap after
{Heap after GC invocations=3 (full 0):
 garbage-first heap   total 290816K, used 89025K [0x000000070a600000, 0x0000000800000000)
  region size 2048K, 10 young (20480K), 10 survivors (20480K)
 Metaspace       used 10931K, committed 11072K, reserved 1114112K
  class space    used 1004K, committed 1088K, reserved 1048576K
}

